"2021-12-14 16:28:34 [restartedMain] INFO  c.s.jdbc.TeachersJdbcApplication - Starting TeachersJdbcApplication using Java 1.8.0_271 on DESKTOP-TUF68GU with PID 29068 (C:\Users\DADAK\Redbaton\Uniphore\umr-acw-services\TeachersJDBC+SB+Swagger&&Loger\target\classes started by DADAK in C:\Users\DADAK\Redbaton\Uniphore\umr-acw-services\TeachersJDBC+SB+Swagger&&Loger)
""2021-12-14 16:28:34 [restartedMain] INFO  c.s.jdbc.TeachersJdbcApplication - No active profile set, falling back to default profiles: default
""2021-12-14 16:28:34 [restartedMain] INFO  o.s.d.r.c.RepositoryConfigurationDelegate - Bootstrapping Spring Data JDBC repositories in DEFAULT mode.
""2021-12-14 16:28:34 [restartedMain] INFO  o.s.d.r.c.RepositoryConfigurationDelegate - Finished Spring Data repository scanning in 2 ms. Found 0 JDBC repository interfaces.
""2021-12-14 16:28:34 [restartedMain] INFO  o.s.b.w.e.tomcat.TomcatWebServer - Tomcat initialized with port(s): 9899 (http)
""2021-12-14 16:28:34 [restartedMain] INFO  o.a.catalina.core.StandardService - Starting service [Tomcat]
""2021-12-14 16:28:34 [restartedMain] INFO  o.a.catalina.core.StandardEngine - Starting Servlet engine: [Apache Tomcat/9.0.55]
""2021-12-14 16:28:34 [restartedMain] INFO  o.a.c.c.C.[Tomcat-1].[localhost].[/] - Initializing Spring embedded WebApplicationContext
""2021-12-14 16:28:34 [restartedMain] INFO  o.s.b.w.s.c.ServletWebServerApplicationContext - Root WebApplicationContext: initialization completed in 293 ms
""2021-12-14 16:28:34 [restartedMain] INFO  com.zaxxer.hikari.HikariDataSource - HikariPool-10 - Starting...
""2021-12-14 16:28:34 [restartedMain] WARN  c.z.hikari.util.DriverDataSource - Registered driver with driverClassName=com.mysql.jdbc.Driver was not found, trying direct instantiation.
""2021-12-14 16:28:34 [restartedMain] INFO  com.zaxxer.hikari.HikariDataSource - HikariPool-10 - Start completed.
""2021-12-14 16:28:34 [restartedMain] INFO  o.s.b.a.h.H2ConsoleAutoConfiguration - H2 console available at '/h2-console'. Database available at 'jdbc:mysql://localhost:3306/jdbccrud'
""2021-12-14 16:28:34 [restartedMain] INFO  s.d.s.w.PropertySourcedRequestMappingHandlerMapping - Mapped URL path [/v2/api-docs] onto method [springfox.documentation.swagger2.web.Swagger2Controller#getDocumentation(String, HttpServletRequest)]
""2021-12-14 16:28:34 [restartedMain] INFO  o.s.b.d.a.OptionalLiveReloadServer - LiveReload server is running on port 35729
""2021-12-14 16:28:34 [restartedMain] INFO  o.s.b.w.e.tomcat.TomcatWebServer - Tomcat started on port(s): 9899 (http) with context path ''
""2021-12-14 16:28:34 [restartedMain] INFO  s.d.s.w.p.DocumentationPluginsBootstrapper - Context refreshed
""2021-12-14 16:28:34 [restartedMain] INFO  s.d.s.w.p.DocumentationPluginsBootstrapper - Found 1 custom documentation plugin(s)
""2021-12-14 16:28:34 [restartedMain] INFO  s.d.s.w.s.ApiListingReferenceScanner - Scanning for api listing references
""2021-12-14 16:28:34 [restartedMain] INFO  c.s.jdbc.TeachersJdbcApplication - Started TeachersJdbcApplication in 0.537 seconds (JVM running for 3810.27)
""2021-12-14 16:28:34 [restartedMain] INFO  o.s.b.d.a.ConditionEvaluationDeltaLoggingListener - Condition evaluation unchanged
""2021-12-14 16:29:14 [Thread-58] INFO  com.zaxxer.hikari.HikariDataSource - HikariPool-10 - Shutdown initiated...
""2021-12-14 16:29:14 [Thread-58] INFO  com.zaxxer.hikari.HikariDataSource - HikariPool-10 - Shutdown completed.
""2021-12-14 16:29:14 [restartedMain] INFO  c.s.jdbc.TeachersJdbcApplication - Starting TeachersJdbcApplication using Java 1.8.0_271 on DESKTOP-TUF68GU with PID 29068 (C:\Users\DADAK\Redbaton\Uniphore\umr-acw-services\TeachersJDBC+SB+Swagger&&Loger\target\classes started by DADAK in C:\Users\DADAK\Redbaton\Uniphore\umr-acw-services\TeachersJDBC+SB+Swagger&&Loger)
""2021-12-14 16:29:14 [restartedMain] INFO  c.s.jdbc.TeachersJdbcApplication - No active profile set, falling back to default profiles: default
""2021-12-14 16:29:14 [restartedMain] INFO  o.s.d.r.c.RepositoryConfigurationDelegate - Bootstrapping Spring Data JDBC repositories in DEFAULT mode.
""2021-12-14 16:29:14 [restartedMain] INFO  o.s.d.r.c.RepositoryConfigurationDelegate - Finished Spring Data repository scanning in 4 ms. Found 0 JDBC repository interfaces.
""2021-12-14 16:29:14 [restartedMain] INFO  o.s.b.w.e.tomcat.TomcatWebServer - Tomcat initialized with port(s): 9899 (http)
""2021-12-14 16:29:14 [restartedMain] INFO  o.a.catalina.core.StandardService - Starting service [Tomcat]
""2021-12-14 16:29:14 [restartedMain] INFO  o.a.catalina.core.StandardEngine - Starting Servlet engine: [Apache Tomcat/9.0.55]
""2021-12-14 16:29:14 [restartedMain] INFO  o.a.c.c.C.[Tomcat-1].[localhost].[/] - Initializing Spring embedded WebApplicationContext
""2021-12-14 16:29:14 [restartedMain] INFO  o.s.b.w.s.c.ServletWebServerApplicationContext - Root WebApplicationContext: initialization completed in 454 ms
""2021-12-14 16:29:14 [restartedMain] INFO  com.zaxxer.hikari.HikariDataSource - HikariPool-11 - Starting...
""2021-12-14 16:29:14 [restartedMain] WARN  c.z.hikari.util.DriverDataSource - Registered driver with driverClassName=com.mysql.jdbc.Driver was not found, trying direct instantiation.
""2021-12-14 16:29:14 [restartedMain] INFO  com.zaxxer.hikari.HikariDataSource - HikariPool-11 - Start completed.
""2021-12-14 16:29:14 [restartedMain] INFO  o.s.b.a.h.H2ConsoleAutoConfiguration - H2 console available at '/h2-console'. Database available at 'jdbc:mysql://localhost:3306/jdbccrud'
""2021-12-14 16:29:15 [restartedMain] INFO  s.d.s.w.PropertySourcedRequestMappingHandlerMapping - Mapped URL path [/v2/api-docs] onto method [springfox.documentation.swagger2.web.Swagger2Controller#getDocumentation(String, HttpServletRequest)]
""2021-12-14 16:29:15 [restartedMain] INFO  o.s.b.d.a.OptionalLiveReloadServer - LiveReload server is running on port 35729
""2021-12-14 16:29:15 [restartedMain] INFO  o.s.b.w.e.tomcat.TomcatWebServer - Tomcat started on port(s): 9899 (http) with context path ''
""2021-12-14 16:29:15 [restartedMain] INFO  s.d.s.w.p.DocumentationPluginsBootstrapper - Context refreshed
""2021-12-14 16:29:15 [restartedMain] INFO  s.d.s.w.p.DocumentationPluginsBootstrapper - Found 1 custom documentation plugin(s)
""2021-12-14 16:29:15 [restartedMain] INFO  s.d.s.w.s.ApiListingReferenceScanner - Scanning for api listing references
""2021-12-14 16:29:15 [restartedMain] INFO  c.s.jdbc.TeachersJdbcApplication - Started TeachersJdbcApplication in 0.675 seconds (JVM running for 3850.839)
""2021-12-14 16:29:15 [restartedMain] INFO  o.s.b.d.a.ConditionEvaluationDeltaLoggingListener - Condition evaluation unchanged
""2021-12-14 16:29:29 [Thread-64] INFO  com.zaxxer.hikari.HikariDataSource - HikariPool-11 - Shutdown initiated...
""2021-12-14 16:29:29 [Thread-64] INFO  com.zaxxer.hikari.HikariDataSource - HikariPool-11 - Shutdown completed.
""2021-12-14 16:29:30 [restartedMain] INFO  c.s.jdbc.TeachersJdbcApplication - Starting TeachersJdbcApplication using Java 1.8.0_271 on DESKTOP-TUF68GU with PID 29068 (C:\Users\DADAK\Redbaton\Uniphore\umr-acw-services\TeachersJDBC+SB+Swagger&&Loger\target\classes started by DADAK in C:\Users\DADAK\Redbaton\Uniphore\umr-acw-services\TeachersJDBC+SB+Swagger&&Loger)
""2021-12-14 16:29:30 [restartedMain] INFO  c.s.jdbc.TeachersJdbcApplication - No active profile set, falling back to default profiles: default
""2021-12-14 16:29:30 [restartedMain] INFO  o.s.d.r.c.RepositoryConfigurationDelegate - Bootstrapping Spring Data JDBC repositories in DEFAULT mode.
""2021-12-14 16:29:30 [restartedMain] INFO  o.s.d.r.c.RepositoryConfigurationDelegate - Finished Spring Data repository scanning in 2 ms. Found 0 JDBC repository interfaces.
""2021-12-14 16:29:30 [restartedMain] INFO  o.s.b.w.e.tomcat.TomcatWebServer - Tomcat initialized with port(s): 9899 (http)
""2021-12-14 16:29:30 [restartedMain] INFO  o.a.catalina.core.StandardService - Starting service [Tomcat]
""2021-12-14 16:29:30 [restartedMain] INFO  o.a.catalina.core.StandardEngine - Starting Servlet engine: [Apache Tomcat/9.0.55]
""2021-12-14 16:29:30 [restartedMain] INFO  o.a.c.c.C.[Tomcat-1].[localhost].[/] - Initializing Spring embedded WebApplicationContext
""2021-12-14 16:29:30 [restartedMain] INFO  o.s.b.w.s.c.ServletWebServerApplicationContext - Root WebApplicationContext: initialization completed in 252 ms
""2021-12-14 16:29:30 [restartedMain] INFO  com.zaxxer.hikari.HikariDataSource - HikariPool-12 - Starting...
""2021-12-14 16:29:30 [restartedMain] WARN  c.z.hikari.util.DriverDataSource - Registered driver with driverClassName=com.mysql.jdbc.Driver was not found, trying direct instantiation.
""2021-12-14 16:29:30 [restartedMain] INFO  com.zaxxer.hikari.HikariDataSource - HikariPool-12 - Start completed.
""2021-12-14 16:29:30 [restartedMain] INFO  o.s.b.a.h.H2ConsoleAutoConfiguration - H2 console available at '/h2-console'. Database available at 'jdbc:mysql://localhost:3306/jdbccrud'
""2021-12-14 16:29:30 [restartedMain] INFO  s.d.s.w.PropertySourcedRequestMappingHandlerMapping - Mapped URL path [/v2/api-docs] onto method [springfox.documentation.swagger2.web.Swagger2Controller#getDocumentation(String, HttpServletRequest)]
""2021-12-14 16:29:30 [restartedMain] INFO  o.s.b.d.a.OptionalLiveReloadServer - LiveReload server is running on port 35729
""2021-12-14 16:29:30 [restartedMain] INFO  o.s.b.w.e.tomcat.TomcatWebServer - Tomcat started on port(s): 9899 (http) with context path ''
""2021-12-14 16:29:30 [restartedMain] INFO  s.d.s.w.p.DocumentationPluginsBootstrapper - Context refreshed
""2021-12-14 16:29:30 [restartedMain] INFO  s.d.s.w.p.DocumentationPluginsBootstrapper - Found 1 custom documentation plugin(s)
""2021-12-14 16:29:30 [restartedMain] INFO  s.d.s.w.s.ApiListingReferenceScanner - Scanning for api listing references
""2021-12-14 16:29:30 [restartedMain] INFO  c.s.jdbc.TeachersJdbcApplication - Started TeachersJdbcApplication in 0.457 seconds (JVM running for 3866.155)
""2021-12-14 16:29:30 [restartedMain] INFO  o.s.b.d.a.ConditionEvaluationDeltaLoggingListener - Condition evaluation unchanged
""2021-12-14 16:29:33 [RMI TCP Connection(94)-127.0.0.1] INFO  o.s.b.a.SpringApplicationAdminMXBeanRegistrar$SpringApplicationAdmin - Application shutdown requested.
""2021-12-14 16:29:33 [RMI TCP Connection(94)-127.0.0.1] INFO  com.zaxxer.hikari.HikariDataSource - HikariPool-12 - Shutdown initiated...
""2021-12-14 16:29:33 [RMI TCP Connection(94)-127.0.0.1] INFO  com.zaxxer.hikari.HikariDataSource - HikariPool-12 - Shutdown completed.
""2021-12-14 16:29:45 [restartedMain] INFO  c.s.jdbc.TeachersJdbcApplication - Starting TeachersJdbcApplication using Java 1.8.0_271 on DESKTOP-TUF68GU with PID 9100 (C:\Users\DADAK\Redbaton\Uniphore\umr-acw-services\TeachersJDBC+SB+Swagger&&Loger\target\classes started by DADAK in C:\Users\DADAK\Redbaton\Uniphore\umr-acw-services\TeachersJDBC+SB+Swagger&&Loger)
""2021-12-14 16:29:45 [restartedMain] INFO  c.s.jdbc.TeachersJdbcApplication - No active profile set, falling back to default profiles: default
""2021-12-14 16:29:45 [restartedMain] INFO  o.s.b.d.e.DevToolsPropertyDefaultsPostProcessor - Devtools property defaults active! Set 'spring.devtools.add-properties' to 'false' to disable
""2021-12-14 16:29:45 [restartedMain] INFO  o.s.b.d.e.DevToolsPropertyDefaultsPostProcessor - For additional web related logging consider setting the 'logging.level.web' property to 'DEBUG'
""2021-12-14 16:29:46 [restartedMain] INFO  o.s.d.r.c.RepositoryConfigurationDelegate - Bootstrapping Spring Data JDBC repositories in DEFAULT mode.
""2021-12-14 16:29:46 [restartedMain] INFO  o.s.d.r.c.RepositoryConfigurationDelegate - Finished Spring Data repository scanning in 5 ms. Found 0 JDBC repository interfaces.
""2021-12-14 16:29:46 [restartedMain] INFO  o.s.b.w.e.tomcat.TomcatWebServer - Tomcat initialized with port(s): 9899 (http)
""2021-12-14 16:29:46 [restartedMain] INFO  o.a.catalina.core.StandardService - Starting service [Tomcat]
""2021-12-14 16:29:46 [restartedMain] INFO  o.a.catalina.core.StandardEngine - Starting Servlet engine: [Apache Tomcat/9.0.55]
""2021-12-14 16:29:46 [restartedMain] INFO  o.a.c.c.C.[Tomcat].[localhost].[/] - Initializing Spring embedded WebApplicationContext
""2021-12-14 16:29:46 [restartedMain] INFO  o.s.b.w.s.c.ServletWebServerApplicationContext - Root WebApplicationContext: initialization completed in 1210 ms
""2021-12-14 16:29:46 [restartedMain] INFO  com.zaxxer.hikari.HikariDataSource - HikariPool-1 - Starting...
""2021-12-14 16:29:46 [restartedMain] WARN  c.z.hikari.util.DriverDataSource - Registered driver with driverClassName=com.mysql.jdbc.Driver was not found, trying direct instantiation.
""2021-12-14 16:29:47 [restartedMain] INFO  com.zaxxer.hikari.HikariDataSource - HikariPool-1 - Start completed.
""2021-12-14 16:29:47 [restartedMain] INFO  o.s.b.a.h.H2ConsoleAutoConfiguration - H2 console available at '/h2-console'. Database available at 'jdbc:mysql://localhost:3306/jdbccrud'
""2021-12-14 16:29:47 [restartedMain] INFO  s.d.s.w.PropertySourcedRequestMappingHandlerMapping - Mapped URL path [/v2/api-docs] onto method [springfox.documentation.swagger2.web.Swagger2Controller#getDocumentation(String, HttpServletRequest)]
""2021-12-14 16:29:47 [restartedMain] INFO  o.s.b.d.a.OptionalLiveReloadServer - LiveReload server is running on port 35729
""2021-12-14 16:29:47 [restartedMain] INFO  o.s.b.w.e.tomcat.TomcatWebServer - Tomcat started on port(s): 9899 (http) with context path ''
""2021-12-14 16:29:47 [restartedMain] INFO  s.d.s.w.p.DocumentationPluginsBootstrapper - Context refreshed
""2021-12-14 16:29:47 [restartedMain] INFO  s.d.s.w.p.DocumentationPluginsBootstrapper - Found 1 custom documentation plugin(s)
""2021-12-14 16:29:47 [restartedMain] INFO  s.d.s.w.s.ApiListingReferenceScanner - Scanning for api listing references
""2021-12-14 16:29:47 [restartedMain] INFO  c.s.jdbc.TeachersJdbcApplication - Started TeachersJdbcApplication in 2.682 seconds (JVM running for 3.392)
""2021-12-14 16:30:27 [http-nio-9899-exec-1] INFO  o.a.c.c.C.[Tomcat].[localhost].[/] - Initializing Spring DispatcherServlet 'dispatcherServlet'
""2021-12-14 16:30:45 [restartedMain] INFO  c.s.jdbc.TeachersJdbcApplication - Starting TeachersJdbcApplication using Java 1.8.0_271 on DESKTOP-TUF68GU with PID 5860 (C:\Users\DADAK\Redbaton\Uniphore\umr-acw-services\TeachersJDBC+SB+Swagger&&Loger\target\classes started by DADAK in C:\Users\DADAK\Redbaton\Uniphore\umr-acw-services\TeachersJDBC+SB+Swagger&&Loger)
""2021-12-14 16:30:45 [restartedMain] INFO  c.s.jdbc.TeachersJdbcApplication - No active profile set, falling back to default profiles: default
""2021-12-14 16:30:45 [restartedMain] INFO  o.s.b.d.e.DevToolsPropertyDefaultsPostProcessor - Devtools property defaults active! Set 'spring.devtools.add-properties' to 'false' to disable
""2021-12-14 16:30:45 [restartedMain] INFO  o.s.b.d.e.DevToolsPropertyDefaultsPostProcessor - For additional web related logging consider setting the 'logging.level.web' property to 'DEBUG'
""2021-12-14 16:30:45 [restartedMain] INFO  o.s.d.r.c.RepositoryConfigurationDelegate - Bootstrapping Spring Data JDBC repositories in DEFAULT mode.
""2021-12-14 16:30:45 [restartedMain] INFO  o.s.d.r.c.RepositoryConfigurationDelegate - Finished Spring Data repository scanning in 6 ms. Found 0 JDBC repository interfaces.
""2021-12-14 16:30:46 [restartedMain] INFO  o.s.b.w.e.tomcat.TomcatWebServer - Tomcat initialized with port(s): 9899 (http)
""2021-12-14 16:30:46 [restartedMain] INFO  o.a.catalina.core.StandardService - Starting service [Tomcat]
""2021-12-14 16:30:46 [restartedMain] INFO  o.a.catalina.core.StandardEngine - Starting Servlet engine: [Apache Tomcat/9.0.55]
""2021-12-14 16:30:46 [restartedMain] INFO  o.a.c.c.C.[Tomcat].[localhost].[/] - Initializing Spring embedded WebApplicationContext
""2021-12-14 16:30:46 [restartedMain] INFO  o.s.b.w.s.c.ServletWebServerApplicationContext - Root WebApplicationContext: initialization completed in 1198 ms
""2021-12-14 16:30:46 [restartedMain] INFO  com.zaxxer.hikari.HikariDataSource - HikariPool-1 - Starting...
""2021-12-14 16:30:46 [restartedMain] WARN  c.z.hikari.util.DriverDataSource - Registered driver with driverClassName=com.mysql.jdbc.Driver was not found, trying direct instantiation.
""2021-12-14 16:30:46 [restartedMain] INFO  com.zaxxer.hikari.HikariDataSource - HikariPool-1 - Start completed.
""2021-12-14 16:30:46 [restartedMain] INFO  o.s.b.a.h.H2ConsoleAutoConfiguration - H2 console available at '/h2-console'. Database available at 'jdbc:mysql://localhost:3306/jdbccrud'
""2021-12-14 16:30:46 [restartedMain] INFO  s.d.s.w.PropertySourcedRequestMappingHandlerMapping - Mapped URL path [/v2/api-docs] onto method [springfox.documentation.swagger2.web.Swagger2Controller#getDocumentation(String, HttpServletRequest)]
""2021-12-14 16:30:46 [restartedMain] WARN  o.s.b.d.a.OptionalLiveReloadServer - Unable to start LiveReload server
""2021-12-14 16:30:47 [restartedMain] WARN  o.s.b.w.s.c.AnnotationConfigServletWebServerApplicationContext - Exception encountered during context initialization - cancelling refresh attempt: org.springframework.context.ApplicationContextException: Failed to start bean 'webServerStartStop'; nested exception is org.springframework.boot.web.server.PortInUseException: Port 9899 is already in use
""2021-12-14 16:30:47 [restartedMain] INFO  com.zaxxer.hikari.HikariDataSource - HikariPool-1 - Shutdown initiated...
""2021-12-14 16:30:47 [restartedMain] INFO  com.zaxxer.hikari.HikariDataSource - HikariPool-1 - Shutdown completed.
""2021-12-14 16:30:47 [restartedMain] INFO  o.a.catalina.core.StandardService - Stopping service [Tomcat]
""2021-12-14 16:30:47 [restartedMain] INFO  o.s.b.a.l.ConditionEvaluationReportLoggingListener - 

Error starting ApplicationContext. To display the conditions report re-run your application with 'debug' enabled.
""2021-12-14 16:30:47 [restartedMain] ERROR o.s.b.d.LoggingFailureAnalysisReporter - 

***************************
APPLICATION FAILED TO START
***************************

Description:

Web server failed to start. Port 9899 was already in use.

Action:

Identify and stop the process that's listening on port 9899 or configure this application to listen on another port.

""2021-12-14 16:32:46 [Thread-6] INFO  com.zaxxer.hikari.HikariDataSource - HikariPool-1 - Shutdown initiated...
""2021-12-14 16:32:46 [Thread-6] INFO  com.zaxxer.hikari.HikariDataSource - HikariPool-1 - Shutdown completed.
""2021-12-14 16:32:46 [restartedMain] INFO  c.s.jdbc.TeachersJdbcApplication - Starting TeachersJdbcApplication using Java 1.8.0_271 on DESKTOP-TUF68GU with PID 9100 (C:\Users\DADAK\Redbaton\Uniphore\umr-acw-services\TeachersJDBC+SB+Swagger&&Loger\target\classes started by DADAK in C:\Users\DADAK\Redbaton\Uniphore\umr-acw-services\TeachersJDBC+SB+Swagger&&Loger)
""2021-12-14 16:32:46 [restartedMain] INFO  c.s.jdbc.TeachersJdbcApplication - No active profile set, falling back to default profiles: default
""2021-12-14 16:32:46 [restartedMain] INFO  o.s.d.r.c.RepositoryConfigurationDelegate - Bootstrapping Spring Data JDBC repositories in DEFAULT mode.
""2021-12-14 16:32:46 [restartedMain] INFO  o.s.d.r.c.RepositoryConfigurationDelegate - Finished Spring Data repository scanning in 2 ms. Found 0 JDBC repository interfaces.
""2021-12-14 16:32:46 [restartedMain] INFO  o.s.b.w.e.tomcat.TomcatWebServer - Tomcat initialized with port(s): 9899 (http)
""2021-12-14 16:32:46 [restartedMain] INFO  o.a.catalina.core.StandardService - Starting service [Tomcat]
""2021-12-14 16:32:46 [restartedMain] INFO  o.a.catalina.core.StandardEngine - Starting Servlet engine: [Apache Tomcat/9.0.55]
""2021-12-14 16:32:46 [restartedMain] INFO  o.a.c.c.C.[Tomcat].[localhost].[/] - Initializing Spring embedded WebApplicationContext
""2021-12-14 16:32:46 [restartedMain] INFO  o.s.b.w.s.c.ServletWebServerApplicationContext - Root WebApplicationContext: initialization completed in 330 ms
""2021-12-14 16:32:46 [restartedMain] INFO  com.zaxxer.hikari.HikariDataSource - HikariPool-2 - Starting...
""2021-12-14 16:32:46 [restartedMain] WARN  c.z.hikari.util.DriverDataSource - Registered driver with driverClassName=com.mysql.jdbc.Driver was not found, trying direct instantiation.
""2021-12-14 16:32:46 [restartedMain] INFO  com.zaxxer.hikari.HikariDataSource - HikariPool-2 - Start completed.
""2021-12-14 16:32:46 [restartedMain] INFO  o.s.b.a.h.H2ConsoleAutoConfiguration - H2 console available at '/h2-console'. Database available at 'jdbc:mysql://localhost:3306/jdbccrud'
""2021-12-14 16:32:46 [restartedMain] INFO  s.d.s.w.PropertySourcedRequestMappingHandlerMapping - Mapped URL path [/v2/api-docs] onto method [springfox.documentation.swagger2.web.Swagger2Controller#getDocumentation(String, HttpServletRequest)]
""2021-12-14 16:32:46 [restartedMain] INFO  o.s.b.d.a.OptionalLiveReloadServer - LiveReload server is running on port 35729
""2021-12-14 16:32:46 [restartedMain] INFO  o.s.b.w.e.tomcat.TomcatWebServer - Tomcat started on port(s): 9899 (http) with context path ''
""2021-12-14 16:32:46 [restartedMain] INFO  s.d.s.w.p.DocumentationPluginsBootstrapper - Context refreshed
""2021-12-14 16:32:46 [restartedMain] INFO  s.d.s.w.p.DocumentationPluginsBootstrapper - Found 1 custom documentation plugin(s)
""2021-12-14 16:32:46 [restartedMain] INFO  s.d.s.w.s.ApiListingReferenceScanner - Scanning for api listing references
""2021-12-14 16:32:46 [restartedMain] INFO  c.s.jdbc.TeachersJdbcApplication - Started TeachersJdbcApplication in 0.58 seconds (JVM running for 182.16)
""2021-12-14 16:32:46 [restartedMain] INFO  o.s.b.d.a.ConditionEvaluationDeltaLoggingListener - Condition evaluation unchanged
""2021-12-14 16:32:50 [Thread-13] INFO  com.zaxxer.hikari.HikariDataSource - HikariPool-2 - Shutdown initiated...
""2021-12-14 16:32:50 [Thread-13] INFO  com.zaxxer.hikari.HikariDataSource - HikariPool-2 - Shutdown completed.
""2021-12-14 16:32:50 [restartedMain] INFO  c.s.jdbc.TeachersJdbcApplication - Starting TeachersJdbcApplication using Java 1.8.0_271 on DESKTOP-TUF68GU with PID 9100 (C:\Users\DADAK\Redbaton\Uniphore\umr-acw-services\TeachersJDBC+SB+Swagger&&Loger\target\classes started by DADAK in C:\Users\DADAK\Redbaton\Uniphore\umr-acw-services\TeachersJDBC+SB+Swagger&&Loger)
""2021-12-14 16:32:50 [restartedMain] DEBUG c.s.jdbc.TeachersJdbcApplication - Running with Spring Boot v2.5.7, Spring v5.3.13
""2021-12-14 16:32:50 [restartedMain] INFO  c.s.jdbc.TeachersJdbcApplication - No active profile set, falling back to default profiles: default
""2021-12-14 16:32:50 [restartedMain] INFO  o.s.d.r.c.RepositoryConfigurationDelegate - Bootstrapping Spring Data JDBC repositories in DEFAULT mode.
""2021-12-14 16:32:50 [restartedMain] INFO  o.s.d.r.c.RepositoryConfigurationDelegate - Finished Spring Data repository scanning in 2 ms. Found 0 JDBC repository interfaces.
""2021-12-14 16:32:50 [restartedMain] INFO  o.s.b.w.e.tomcat.TomcatWebServer - Tomcat initialized with port(s): 9899 (http)
""2021-12-14 16:32:50 [restartedMain] INFO  o.a.catalina.core.StandardService - Starting service [Tomcat]
""2021-12-14 16:32:50 [restartedMain] INFO  o.a.catalina.core.StandardEngine - Starting Servlet engine: [Apache Tomcat/9.0.55]
""2021-12-14 16:32:50 [restartedMain] INFO  o.a.c.c.C.[Tomcat].[localhost].[/] - Initializing Spring embedded WebApplicationContext
""2021-12-14 16:32:50 [restartedMain] INFO  o.s.b.w.s.c.ServletWebServerApplicationContext - Root WebApplicationContext: initialization completed in 276 ms
""2021-12-14 16:32:50 [restartedMain] INFO  com.zaxxer.hikari.HikariDataSource - HikariPool-3 - Starting...
""2021-12-14 16:32:50 [restartedMain] WARN  c.z.hikari.util.DriverDataSource - Registered driver with driverClassName=com.mysql.jdbc.Driver was not found, trying direct instantiation.
""2021-12-14 16:32:50 [restartedMain] INFO  com.zaxxer.hikari.HikariDataSource - HikariPool-3 - Start completed.
""2021-12-14 16:32:50 [restartedMain] INFO  o.s.b.a.h.H2ConsoleAutoConfiguration - H2 console available at '/h2-console'. Database available at 'jdbc:mysql://localhost:3306/jdbccrud'
""2021-12-14 16:32:50 [restartedMain] INFO  s.d.s.w.PropertySourcedRequestMappingHandlerMapping - Mapped URL path [/v2/api-docs] onto method [springfox.documentation.swagger2.web.Swagger2Controller#getDocumentation(String, HttpServletRequest)]
""2021-12-14 16:32:50 [restartedMain] INFO  o.s.b.d.a.OptionalLiveReloadServer - LiveReload server is running on port 35729
""2021-12-14 16:32:50 [restartedMain] INFO  o.s.b.w.e.tomcat.TomcatWebServer - Tomcat started on port(s): 9899 (http) with context path ''
""2021-12-14 16:32:50 [restartedMain] INFO  s.d.s.w.p.DocumentationPluginsBootstrapper - Context refreshed
""2021-12-14 16:32:50 [restartedMain] INFO  s.d.s.w.p.DocumentationPluginsBootstrapper - Found 1 custom documentation plugin(s)
""2021-12-14 16:32:50 [restartedMain] INFO  s.d.s.w.s.ApiListingReferenceScanner - Scanning for api listing references
""2021-12-14 16:32:50 [restartedMain] INFO  c.s.jdbc.TeachersJdbcApplication - Started TeachersJdbcApplication in 0.53 seconds (JVM running for 186.384)
""2021-12-14 16:32:50 [restartedMain] INFO  o.s.b.d.a.ConditionEvaluationDeltaLoggingListener - Condition evaluation unchanged
""2021-12-14 16:37:17 [Thread-19] INFO  com.zaxxer.hikari.HikariDataSource - HikariPool-3 - Shutdown initiated...
""2021-12-14 16:37:17 [Thread-19] INFO  com.zaxxer.hikari.HikariDataSource - HikariPool-3 - Shutdown completed.
""2021-12-14 16:37:17 [restartedMain] INFO  c.s.jdbc.TeachersJdbcApplication - Starting TeachersJdbcApplication using Java 1.8.0_271 on DESKTOP-TUF68GU with PID 9100 (C:\Users\DADAK\Redbaton\Uniphore\umr-acw-services\TeachersJDBC+SB+Swagger&&Loger\target\classes started by DADAK in C:\Users\DADAK\Redbaton\Uniphore\umr-acw-services\TeachersJDBC+SB+Swagger&&Loger)
""2021-12-14 16:37:17 [restartedMain] DEBUG c.s.jdbc.TeachersJdbcApplication - Running with Spring Boot v2.5.7, Spring v5.3.13
""2021-12-14 16:37:17 [restartedMain] INFO  c.s.jdbc.TeachersJdbcApplication - No active profile set, falling back to default profiles: default
""2021-12-14 16:37:17 [restartedMain] INFO  o.s.d.r.c.RepositoryConfigurationDelegate - Bootstrapping Spring Data JDBC repositories in DEFAULT mode.
""2021-12-14 16:37:17 [restartedMain] INFO  o.s.d.r.c.RepositoryConfigurationDelegate - Finished Spring Data repository scanning in 2 ms. Found 0 JDBC repository interfaces.
""2021-12-14 16:37:17 [restartedMain] INFO  o.s.b.w.e.tomcat.TomcatWebServer - Tomcat initialized with port(s): 9899 (http)
""2021-12-14 16:37:17 [restartedMain] INFO  o.a.catalina.core.StandardService - Starting service [Tomcat]
""2021-12-14 16:37:17 [restartedMain] INFO  o.a.catalina.core.StandardEngine - Starting Servlet engine: [Apache Tomcat/9.0.55]
""2021-12-14 16:37:17 [restartedMain] INFO  o.a.c.c.C.[Tomcat].[localhost].[/] - Initializing Spring embedded WebApplicationContext
""2021-12-14 16:37:17 [restartedMain] INFO  o.s.b.w.s.c.ServletWebServerApplicationContext - Root WebApplicationContext: initialization completed in 308 ms
""2021-12-14 16:37:17 [restartedMain] INFO  com.zaxxer.hikari.HikariDataSource - HikariPool-4 - Starting...
""2021-12-14 16:37:17 [restartedMain] WARN  c.z.hikari.util.DriverDataSource - Registered driver with driverClassName=com.mysql.jdbc.Driver was not found, trying direct instantiation.
""2021-12-14 16:37:17 [restartedMain] INFO  com.zaxxer.hikari.HikariDataSource - HikariPool-4 - Start completed.
""2021-12-14 16:37:17 [restartedMain] INFO  o.s.b.a.h.H2ConsoleAutoConfiguration - H2 console available at '/h2-console'. Database available at 'jdbc:mysql://localhost:3306/jdbccrud'
""2021-12-14 16:37:17 [restartedMain] INFO  s.d.s.w.PropertySourcedRequestMappingHandlerMapping - Mapped URL path [/v2/api-docs] onto method [springfox.documentation.swagger2.web.Swagger2Controller#getDocumentation(String, HttpServletRequest)]
""2021-12-14 16:37:17 [restartedMain] INFO  o.s.b.d.a.OptionalLiveReloadServer - LiveReload server is running on port 35729
""2021-12-14 16:37:17 [restartedMain] INFO  o.s.b.w.e.tomcat.TomcatWebServer - Tomcat started on port(s): 9899 (http) with context path ''
""2021-12-14 16:37:17 [restartedMain] INFO  s.d.s.w.p.DocumentationPluginsBootstrapper - Context refreshed
""2021-12-14 16:37:17 [restartedMain] INFO  s.d.s.w.p.DocumentationPluginsBootstrapper - Found 1 custom documentation plugin(s)
""2021-12-14 16:37:17 [restartedMain] INFO  s.d.s.w.s.ApiListingReferenceScanner - Scanning for api listing references
""2021-12-14 16:37:17 [restartedMain] INFO  c.s.jdbc.TeachersJdbcApplication - Started TeachersJdbcApplication in 0.58 seconds (JVM running for 453.441)
""2021-12-14 16:37:17 [restartedMain] INFO  o.s.b.d.a.ConditionEvaluationDeltaLoggingListener - Condition evaluation unchanged
""2021-12-14 16:37:34 [Thread-25] INFO  com.zaxxer.hikari.HikariDataSource - HikariPool-4 - Shutdown initiated...
""2021-12-14 16:37:34 [Thread-25] INFO  com.zaxxer.hikari.HikariDataSource - HikariPool-4 - Shutdown completed.
""2021-12-14 16:37:35 [restartedMain] INFO  c.s.jdbc.TeachersJdbcApplication - Starting TeachersJdbcApplication using Java 1.8.0_271 on DESKTOP-TUF68GU with PID 9100 (C:\Users\DADAK\Redbaton\Uniphore\umr-acw-services\TeachersJDBC+SB+Swagger&&Loger\target\classes started by DADAK in C:\Users\DADAK\Redbaton\Uniphore\umr-acw-services\TeachersJDBC+SB+Swagger&&Loger)
""2021-12-14 16:37:35 [restartedMain] INFO  c.s.jdbc.TeachersJdbcApplication - No active profile set, falling back to default profiles: default
""2021-12-14 16:37:35 [restartedMain] INFO  o.s.d.r.c.RepositoryConfigurationDelegate - Bootstrapping Spring Data JDBC repositories in DEFAULT mode.
""2021-12-14 16:37:35 [restartedMain] INFO  o.s.d.r.c.RepositoryConfigurationDelegate - Finished Spring Data repository scanning in 2 ms. Found 0 JDBC repository interfaces.
""2021-12-14 16:37:35 [restartedMain] INFO  o.s.b.w.e.tomcat.TomcatWebServer - Tomcat initialized with port(s): 9899 (http)
""2021-12-14 16:37:35 [restartedMain] INFO  o.a.catalina.core.StandardService - Starting service [Tomcat]
""2021-12-14 16:37:35 [restartedMain] INFO  o.a.catalina.core.StandardEngine - Starting Servlet engine: [Apache Tomcat/9.0.55]
""2021-12-14 16:37:35 [restartedMain] INFO  o.a.c.c.C.[Tomcat].[localhost].[/] - Initializing Spring embedded WebApplicationContext
""2021-12-14 16:37:35 [restartedMain] INFO  o.s.b.w.s.c.ServletWebServerApplicationContext - Root WebApplicationContext: initialization completed in 278 ms
""2021-12-14 16:37:35 [restartedMain] INFO  com.zaxxer.hikari.HikariDataSource - HikariPool-5 - Starting...
""2021-12-14 16:37:35 [restartedMain] WARN  c.z.hikari.util.DriverDataSource - Registered driver with driverClassName=com.mysql.jdbc.Driver was not found, trying direct instantiation.
""2021-12-14 16:37:35 [restartedMain] INFO  com.zaxxer.hikari.HikariDataSource - HikariPool-5 - Start completed.
""2021-12-14 16:37:35 [restartedMain] INFO  o.s.b.a.h.H2ConsoleAutoConfiguration - H2 console available at '/h2-console'. Database available at 'jdbc:mysql://localhost:3306/jdbccrud'
""2021-12-14 16:37:35 [restartedMain] INFO  s.d.s.w.PropertySourcedRequestMappingHandlerMapping - Mapped URL path [/v2/api-docs] onto method [springfox.documentation.swagger2.web.Swagger2Controller#getDocumentation(String, HttpServletRequest)]
""2021-12-14 16:37:35 [restartedMain] INFO  o.s.b.d.a.OptionalLiveReloadServer - LiveReload server is running on port 35729
""2021-12-14 16:37:35 [restartedMain] INFO  o.s.b.w.e.tomcat.TomcatWebServer - Tomcat started on port(s): 9899 (http) with context path ''
""2021-12-14 16:37:35 [restartedMain] INFO  s.d.s.w.p.DocumentationPluginsBootstrapper - Context refreshed
""2021-12-14 16:37:35 [restartedMain] INFO  s.d.s.w.p.DocumentationPluginsBootstrapper - Found 1 custom documentation plugin(s)
""2021-12-14 16:37:35 [restartedMain] INFO  s.d.s.w.s.ApiListingReferenceScanner - Scanning for api listing references
""2021-12-14 16:37:35 [restartedMain] INFO  c.s.jdbc.TeachersJdbcApplication - Started TeachersJdbcApplication in 0.536 seconds (JVM running for 470.964)
""2021-12-14 16:37:35 [restartedMain] INFO  o.s.b.d.a.ConditionEvaluationDeltaLoggingListener - Condition evaluation unchanged
""2021-12-14 16:37:42 [restartedMain] INFO  c.s.jdbc.TeachersJdbcApplication - Starting TeachersJdbcApplication using Java 1.8.0_271 on DESKTOP-TUF68GU with PID 6100 (C:\Users\DADAK\Redbaton\Uniphore\umr-acw-services\TeachersJDBC+SB+Swagger&&Loger\target\classes started by DADAK in C:\Users\DADAK\Redbaton\Uniphore\umr-acw-services\TeachersJDBC+SB+Swagger&&Loger)
""2021-12-14 16:37:42 [restartedMain] INFO  c.s.jdbc.TeachersJdbcApplication - No active profile set, falling back to default profiles: default
""2021-12-14 16:37:42 [restartedMain] INFO  o.s.b.d.e.DevToolsPropertyDefaultsPostProcessor - Devtools property defaults active! Set 'spring.devtools.add-properties' to 'false' to disable
""2021-12-14 16:37:42 [restartedMain] INFO  o.s.b.d.e.DevToolsPropertyDefaultsPostProcessor - For additional web related logging consider setting the 'logging.level.web' property to 'DEBUG'
""2021-12-14 16:37:42 [restartedMain] INFO  o.s.d.r.c.RepositoryConfigurationDelegate - Bootstrapping Spring Data JDBC repositories in DEFAULT mode.
""2021-12-14 16:37:42 [restartedMain] INFO  o.s.d.r.c.RepositoryConfigurationDelegate - Finished Spring Data repository scanning in 6 ms. Found 0 JDBC repository interfaces.
""2021-12-14 16:37:43 [restartedMain] INFO  o.s.b.w.e.tomcat.TomcatWebServer - Tomcat initialized with port(s): 9899 (http)
""2021-12-14 16:37:43 [restartedMain] INFO  o.a.catalina.core.StandardService - Starting service [Tomcat]
""2021-12-14 16:37:43 [restartedMain] INFO  o.a.catalina.core.StandardEngine - Starting Servlet engine: [Apache Tomcat/9.0.55]
""2021-12-14 16:37:43 [restartedMain] INFO  o.a.c.c.C.[Tomcat].[localhost].[/] - Initializing Spring embedded WebApplicationContext
""2021-12-14 16:37:43 [restartedMain] INFO  o.s.b.w.s.c.ServletWebServerApplicationContext - Root WebApplicationContext: initialization completed in 1292 ms
""2021-12-14 16:37:43 [restartedMain] INFO  com.zaxxer.hikari.HikariDataSource - HikariPool-1 - Starting...
""2021-12-14 16:37:43 [restartedMain] WARN  c.z.hikari.util.DriverDataSource - Registered driver with driverClassName=com.mysql.jdbc.Driver was not found, trying direct instantiation.
""2021-12-14 16:37:43 [restartedMain] INFO  com.zaxxer.hikari.HikariDataSource - HikariPool-1 - Start completed.
""2021-12-14 16:37:43 [restartedMain] INFO  o.s.b.a.h.H2ConsoleAutoConfiguration - H2 console available at '/h2-console'. Database available at 'jdbc:mysql://localhost:3306/jdbccrud'
""2021-12-14 16:37:44 [restartedMain] INFO  s.d.s.w.PropertySourcedRequestMappingHandlerMapping - Mapped URL path [/v2/api-docs] onto method [springfox.documentation.swagger2.web.Swagger2Controller#getDocumentation(String, HttpServletRequest)]
""2021-12-14 16:37:44 [restartedMain] WARN  o.s.b.d.a.OptionalLiveReloadServer - Unable to start LiveReload server
""2021-12-14 16:37:44 [restartedMain] WARN  o.s.b.w.s.c.AnnotationConfigServletWebServerApplicationContext - Exception encountered during context initialization - cancelling refresh attempt: org.springframework.context.ApplicationContextException: Failed to start bean 'webServerStartStop'; nested exception is org.springframework.boot.web.server.PortInUseException: Port 9899 is already in use
""2021-12-14 16:37:44 [restartedMain] INFO  com.zaxxer.hikari.HikariDataSource - HikariPool-1 - Shutdown initiated...
""2021-12-14 16:37:44 [restartedMain] INFO  com.zaxxer.hikari.HikariDataSource - HikariPool-1 - Shutdown completed.
""2021-12-14 16:37:44 [restartedMain] INFO  o.a.catalina.core.StandardService - Stopping service [Tomcat]
""2021-12-14 16:37:44 [restartedMain] INFO  o.s.b.a.l.ConditionEvaluationReportLoggingListener - 

Error starting ApplicationContext. To display the conditions report re-run your application with 'debug' enabled.
""2021-12-14 16:37:44 [restartedMain] ERROR o.s.b.d.LoggingFailureAnalysisReporter - 

***************************
APPLICATION FAILED TO START
***************************

Description:

Web server failed to start. Port 9899 was already in use.

Action:

Identify and stop the process that's listening on port 9899 or configure this application to listen on another port.

""2021-12-14 16:38:30 [restartedMain] INFO  c.s.jdbc.TeachersJdbcApplication - Starting TeachersJdbcApplication using Java 1.8.0_271 on DESKTOP-TUF68GU with PID 24308 (C:\Users\DADAK\Redbaton\Uniphore\umr-acw-services\TeachersJDBC+SB+Swagger&&Loger\target\classes started by DADAK in C:\Users\DADAK\Redbaton\Uniphore\umr-acw-services\TeachersJDBC+SB+Swagger&&Loger)
""2021-12-14 16:38:30 [restartedMain] INFO  c.s.jdbc.TeachersJdbcApplication - No active profile set, falling back to default profiles: default
""2021-12-14 16:38:30 [restartedMain] INFO  o.s.b.d.e.DevToolsPropertyDefaultsPostProcessor - Devtools property defaults active! Set 'spring.devtools.add-properties' to 'false' to disable
""2021-12-14 16:38:30 [restartedMain] INFO  o.s.b.d.e.DevToolsPropertyDefaultsPostProcessor - For additional web related logging consider setting the 'logging.level.web' property to 'DEBUG'
""2021-12-14 16:38:31 [restartedMain] INFO  o.s.d.r.c.RepositoryConfigurationDelegate - Bootstrapping Spring Data JDBC repositories in DEFAULT mode.
""2021-12-14 16:38:31 [restartedMain] INFO  o.s.d.r.c.RepositoryConfigurationDelegate - Finished Spring Data repository scanning in 7 ms. Found 0 JDBC repository interfaces.
""2021-12-14 16:38:32 [restartedMain] INFO  o.s.b.w.e.tomcat.TomcatWebServer - Tomcat initialized with port(s): 9899 (http)
""2021-12-14 16:38:32 [restartedMain] INFO  o.a.catalina.core.StandardService - Starting service [Tomcat]
""2021-12-14 16:38:32 [restartedMain] INFO  o.a.catalina.core.StandardEngine - Starting Servlet engine: [Apache Tomcat/9.0.55]
""2021-12-14 16:38:32 [restartedMain] INFO  o.a.c.c.C.[Tomcat].[localhost].[/] - Initializing Spring embedded WebApplicationContext
""2021-12-14 16:38:32 [restartedMain] INFO  o.s.b.w.s.c.ServletWebServerApplicationContext - Root WebApplicationContext: initialization completed in 1340 ms
""2021-12-14 16:38:32 [restartedMain] INFO  com.zaxxer.hikari.HikariDataSource - HikariPool-1 - Starting...
""2021-12-14 16:38:32 [restartedMain] WARN  c.z.hikari.util.DriverDataSource - Registered driver with driverClassName=com.mysql.jdbc.Driver was not found, trying direct instantiation.
""2021-12-14 16:38:32 [restartedMain] INFO  com.zaxxer.hikari.HikariDataSource - HikariPool-1 - Start completed.
""2021-12-14 16:38:32 [restartedMain] INFO  o.s.b.a.h.H2ConsoleAutoConfiguration - H2 console available at '/h2-console'. Database available at 'jdbc:mysql://localhost:3306/jdbccrud'
""2021-12-14 16:38:32 [restartedMain] INFO  s.d.s.w.PropertySourcedRequestMappingHandlerMapping - Mapped URL path [/v2/api-docs] onto method [springfox.documentation.swagger2.web.Swagger2Controller#getDocumentation(String, HttpServletRequest)]
""2021-12-14 16:38:32 [restartedMain] INFO  o.s.b.d.a.OptionalLiveReloadServer - LiveReload server is running on port 35729
""2021-12-14 16:38:33 [restartedMain] INFO  o.s.b.w.e.tomcat.TomcatWebServer - Tomcat started on port(s): 9899 (http) with context path ''
""2021-12-14 16:38:33 [restartedMain] INFO  s.d.s.w.p.DocumentationPluginsBootstrapper - Context refreshed
""2021-12-14 16:38:33 [restartedMain] INFO  s.d.s.w.p.DocumentationPluginsBootstrapper - Found 1 custom documentation plugin(s)
""2021-12-14 16:38:33 [restartedMain] INFO  s.d.s.w.s.ApiListingReferenceScanner - Scanning for api listing references
""2021-12-14 16:38:33 [restartedMain] INFO  c.s.jdbc.TeachersJdbcApplication - Started TeachersJdbcApplication in 2.856 seconds (JVM running for 3.646)
""2021-12-14 16:40:53 [http-nio-9899-exec-1] INFO  o.a.c.c.C.[Tomcat].[localhost].[/] - Initializing Spring DispatcherServlet 'dispatcherServlet'
""2021-12-14 16:40:53 [http-nio-9899-exec-1] INFO  o.s.web.servlet.DispatcherServlet - Initializing Servlet 'dispatcherServlet'
""2021-12-14 16:40:53 [http-nio-9899-exec-1] INFO  o.s.web.servlet.DispatcherServlet - Completed initialization in 1 ms
""2021-12-14 16:41:52 [restartedMain] INFO  c.s.jdbc.TeachersJdbcApplication - Starting TeachersJdbcApplication using Java 1.8.0_271 on DESKTOP-TUF68GU with PID 23800 (C:\Users\DADAK\Redbaton\Uniphore\umr-acw-services\TeachersJDBC+SB+Swagger&&Loger\target\classes started by DADAK in C:\Users\DADAK\Redbaton\Uniphore\umr-acw-services\TeachersJDBC+SB+Swagger&&Loger)
""2021-12-14 16:41:52 [restartedMain] INFO  c.s.jdbc.TeachersJdbcApplication - No active profile set, falling back to default profiles: default
""2021-12-14 16:41:52 [restartedMain] INFO  o.s.b.d.e.DevToolsPropertyDefaultsPostProcessor - Devtools property defaults active! Set 'spring.devtools.add-properties' to 'false' to disable
""2021-12-14 16:41:52 [restartedMain] INFO  o.s.b.d.e.DevToolsPropertyDefaultsPostProcessor - For additional web related logging consider setting the 'logging.level.web' property to 'DEBUG'
""2021-12-14 16:41:52 [restartedMain] INFO  o.s.d.r.c.RepositoryConfigurationDelegate - Bootstrapping Spring Data JDBC repositories in DEFAULT mode.
""2021-12-14 16:41:52 [restartedMain] INFO  o.s.d.r.c.RepositoryConfigurationDelegate - Finished Spring Data repository scanning in 6 ms. Found 0 JDBC repository interfaces.
""2021-12-14 16:41:53 [restartedMain] INFO  o.s.b.w.e.tomcat.TomcatWebServer - Tomcat initialized with port(s): 9899 (http)
""2021-12-14 16:41:53 [restartedMain] INFO  o.a.catalina.core.StandardService - Starting service [Tomcat]
""2021-12-14 16:41:53 [restartedMain] INFO  o.a.catalina.core.StandardEngine - Starting Servlet engine: [Apache Tomcat/9.0.55]
""2021-12-14 16:41:53 [restartedMain] INFO  o.a.c.c.C.[Tomcat].[localhost].[/] - Initializing Spring embedded WebApplicationContext
""2021-12-14 16:41:53 [restartedMain] INFO  o.s.b.w.s.c.ServletWebServerApplicationContext - Root WebApplicationContext: initialization completed in 1284 ms
""2021-12-14 16:41:53 [restartedMain] INFO  com.zaxxer.hikari.HikariDataSource - HikariPool-1 - Starting...
""2021-12-14 16:41:53 [restartedMain] WARN  c.z.hikari.util.DriverDataSource - Registered driver with driverClassName=com.mysql.jdbc.Driver was not found, trying direct instantiation.
""2021-12-14 16:41:53 [restartedMain] INFO  com.zaxxer.hikari.HikariDataSource - HikariPool-1 - Start completed.
""2021-12-14 16:41:53 [restartedMain] INFO  o.s.b.a.h.H2ConsoleAutoConfiguration - H2 console available at '/h2-console'. Database available at 'jdbc:mysql://localhost:3306/jdbccrud'
""2021-12-14 16:41:54 [restartedMain] INFO  s.d.s.w.PropertySourcedRequestMappingHandlerMapping - Mapped URL path [/v2/api-docs] onto method [springfox.documentation.swagger2.web.Swagger2Controller#getDocumentation(String, HttpServletRequest)]
""2021-12-14 16:41:54 [restartedMain] WARN  o.s.b.d.a.OptionalLiveReloadServer - Unable to start LiveReload server
""2021-12-14 16:41:54 [restartedMain] WARN  o.s.b.w.s.c.AnnotationConfigServletWebServerApplicationContext - Exception encountered during context initialization - cancelling refresh attempt: org.springframework.context.ApplicationContextException: Failed to start bean 'webServerStartStop'; nested exception is org.springframework.boot.web.server.PortInUseException: Port 9899 is already in use
""2021-12-14 16:41:54 [restartedMain] INFO  com.zaxxer.hikari.HikariDataSource - HikariPool-1 - Shutdown initiated...
""2021-12-14 16:41:54 [restartedMain] INFO  com.zaxxer.hikari.HikariDataSource - HikariPool-1 - Shutdown completed.
""2021-12-14 16:41:54 [restartedMain] INFO  o.a.catalina.core.StandardService - Stopping service [Tomcat]
""2021-12-14 16:41:54 [restartedMain] INFO  o.s.b.a.l.ConditionEvaluationReportLoggingListener - 

Error starting ApplicationContext. To display the conditions report re-run your application with 'debug' enabled.
""2021-12-14 16:41:54 [restartedMain] ERROR o.s.b.d.LoggingFailureAnalysisReporter - 

***************************
APPLICATION FAILED TO START
***************************

Description:

Web server failed to start. Port 9899 was already in use.

Action:

Identify and stop the process that's listening on port 9899 or configure this application to listen on another port.

""2021-12-14 16:42:13 [Thread-6] INFO  com.zaxxer.hikari.HikariDataSource - HikariPool-1 - Shutdown initiated...
""2021-12-14 16:42:13 [Thread-6] INFO  com.zaxxer.hikari.HikariDataSource - HikariPool-1 - Shutdown completed.
""2021-12-14 16:42:13 [restartedMain] INFO  c.s.jdbc.TeachersJdbcApplication - Starting TeachersJdbcApplication using Java 1.8.0_271 on DESKTOP-TUF68GU with PID 24308 (C:\Users\DADAK\Redbaton\Uniphore\umr-acw-services\TeachersJDBC+SB+Swagger&&Loger\target\classes started by DADAK in C:\Users\DADAK\Redbaton\Uniphore\umr-acw-services\TeachersJDBC+SB+Swagger&&Loger)
""2021-12-14 16:42:13 [restartedMain] INFO  c.s.jdbc.TeachersJdbcApplication - No active profile set, falling back to default profiles: default
""2021-12-14 16:42:13 [restartedMain] INFO  o.s.d.r.c.RepositoryConfigurationDelegate - Bootstrapping Spring Data JDBC repositories in DEFAULT mode.
""2021-12-14 16:42:13 [restartedMain] INFO  o.s.d.r.c.RepositoryConfigurationDelegate - Finished Spring Data repository scanning in 3 ms. Found 0 JDBC repository interfaces.
""2021-12-14 16:42:13 [restartedMain] INFO  o.s.b.w.e.tomcat.TomcatWebServer - Tomcat initialized with port(s): 9899 (http)
""2021-12-14 16:42:13 [restartedMain] INFO  o.a.catalina.core.StandardService - Starting service [Tomcat]
""2021-12-14 16:42:13 [restartedMain] INFO  o.a.catalina.core.StandardEngine - Starting Servlet engine: [Apache Tomcat/9.0.55]
""2021-12-14 16:42:13 [restartedMain] INFO  o.a.c.c.C.[Tomcat].[localhost].[/] - Initializing Spring embedded WebApplicationContext
""2021-12-14 16:42:13 [restartedMain] INFO  o.s.b.w.s.c.ServletWebServerApplicationContext - Root WebApplicationContext: initialization completed in 376 ms
""2021-12-14 16:42:13 [restartedMain] INFO  com.zaxxer.hikari.HikariDataSource - HikariPool-2 - Starting...
""2021-12-14 16:42:13 [restartedMain] WARN  c.z.hikari.util.DriverDataSource - Registered driver with driverClassName=com.mysql.jdbc.Driver was not found, trying direct instantiation.
""2021-12-14 16:42:13 [restartedMain] INFO  com.zaxxer.hikari.HikariDataSource - HikariPool-2 - Start completed.
""2021-12-14 16:42:13 [restartedMain] INFO  o.s.b.a.h.H2ConsoleAutoConfiguration - H2 console available at '/h2-console'. Database available at 'jdbc:mysql://localhost:3306/jdbccrud'
""2021-12-14 16:42:14 [restartedMain] INFO  s.d.s.w.PropertySourcedRequestMappingHandlerMapping - Mapped URL path [/v2/api-docs] onto method [springfox.documentation.swagger2.web.Swagger2Controller#getDocumentation(String, HttpServletRequest)]
""2021-12-14 16:42:14 [restartedMain] INFO  o.s.b.d.a.OptionalLiveReloadServer - LiveReload server is running on port 35729
""2021-12-14 16:42:14 [restartedMain] INFO  o.s.b.w.e.tomcat.TomcatWebServer - Tomcat started on port(s): 9899 (http) with context path ''
""2021-12-14 16:42:14 [restartedMain] INFO  s.d.s.w.p.DocumentationPluginsBootstrapper - Context refreshed
""2021-12-14 16:42:14 [restartedMain] INFO  s.d.s.w.p.DocumentationPluginsBootstrapper - Found 1 custom documentation plugin(s)
""2021-12-14 16:42:14 [restartedMain] INFO  s.d.s.w.s.ApiListingReferenceScanner - Scanning for api listing references
""2021-12-14 16:42:14 [restartedMain] INFO  c.s.jdbc.TeachersJdbcApplication - Started TeachersJdbcApplication in 0.653 seconds (JVM running for 224.504)
""2021-12-14 16:42:14 [restartedMain] INFO  o.s.b.d.a.ConditionEvaluationDeltaLoggingListener - Condition evaluation unchanged
""2021-12-14 16:42:16 [Thread-13] INFO  com.zaxxer.hikari.HikariDataSource - HikariPool-2 - Shutdown initiated...
""2021-12-14 16:42:16 [Thread-13] INFO  com.zaxxer.hikari.HikariDataSource - HikariPool-2 - Shutdown completed.
""2021-12-14 16:42:16 [restartedMain] INFO  c.s.jdbc.TeachersJdbcApplication - Starting TeachersJdbcApplication using Java 1.8.0_271 on DESKTOP-TUF68GU with PID 24308 (C:\Users\DADAK\Redbaton\Uniphore\umr-acw-services\TeachersJDBC+SB+Swagger&&Loger\target\classes started by DADAK in C:\Users\DADAK\Redbaton\Uniphore\umr-acw-services\TeachersJDBC+SB+Swagger&&Loger)
""2021-12-14 16:42:16 [restartedMain] DEBUG c.s.jdbc.TeachersJdbcApplication - Running with Spring Boot v2.5.7, Spring v5.3.13
""2021-12-14 16:42:16 [restartedMain] INFO  c.s.jdbc.TeachersJdbcApplication - No active profile set, falling back to default profiles: default
""2021-12-14 16:42:17 [restartedMain] INFO  o.s.d.r.c.RepositoryConfigurationDelegate - Bootstrapping Spring Data JDBC repositories in DEFAULT mode.
""2021-12-14 16:42:17 [restartedMain] INFO  o.s.d.r.c.RepositoryConfigurationDelegate - Finished Spring Data repository scanning in 2 ms. Found 0 JDBC repository interfaces.
""2021-12-14 16:42:17 [restartedMain] INFO  o.s.b.w.e.tomcat.TomcatWebServer - Tomcat initialized with port(s): 9899 (http)
""2021-12-14 16:42:17 [restartedMain] INFO  o.a.catalina.core.StandardService - Starting service [Tomcat]
""2021-12-14 16:42:17 [restartedMain] INFO  o.a.catalina.core.StandardEngine - Starting Servlet engine: [Apache Tomcat/9.0.55]
""2021-12-14 16:42:17 [restartedMain] INFO  o.a.c.c.C.[Tomcat].[localhost].[/] - Initializing Spring embedded WebApplicationContext
""2021-12-14 16:42:17 [restartedMain] INFO  o.s.b.w.s.c.ServletWebServerApplicationContext - Root WebApplicationContext: initialization completed in 301 ms
""2021-12-14 16:42:17 [restartedMain] INFO  com.zaxxer.hikari.HikariDataSource - HikariPool-3 - Starting...
""2021-12-14 16:42:17 [restartedMain] WARN  c.z.hikari.util.DriverDataSource - Registered driver with driverClassName=com.mysql.jdbc.Driver was not found, trying direct instantiation.
""2021-12-14 16:42:17 [restartedMain] INFO  com.zaxxer.hikari.HikariDataSource - HikariPool-3 - Start completed.
""2021-12-14 16:42:17 [restartedMain] INFO  o.s.b.a.h.H2ConsoleAutoConfiguration - H2 console available at '/h2-console'. Database available at 'jdbc:mysql://localhost:3306/jdbccrud'
""2021-12-14 16:42:17 [restartedMain] INFO  s.d.s.w.PropertySourcedRequestMappingHandlerMapping - Mapped URL path [/v2/api-docs] onto method [springfox.documentation.swagger2.web.Swagger2Controller#getDocumentation(String, HttpServletRequest)]
""2021-12-14 16:42:17 [restartedMain] INFO  o.s.b.d.a.OptionalLiveReloadServer - LiveReload server is running on port 35729
""2021-12-14 16:42:17 [restartedMain] INFO  o.s.b.w.e.tomcat.TomcatWebServer - Tomcat started on port(s): 9899 (http) with context path ''
""2021-12-14 16:42:17 [restartedMain] INFO  s.d.s.w.p.DocumentationPluginsBootstrapper - Context refreshed
""2021-12-14 16:42:17 [restartedMain] INFO  s.d.s.w.p.DocumentationPluginsBootstrapper - Found 1 custom documentation plugin(s)
""2021-12-14 16:42:17 [restartedMain] INFO  s.d.s.w.s.ApiListingReferenceScanner - Scanning for api listing references
""2021-12-14 16:42:17 [restartedMain] INFO  c.s.jdbc.TeachersJdbcApplication - Started TeachersJdbcApplication in 0.554 seconds (JVM running for 227.744)
""2021-12-14 16:42:17 [restartedMain] INFO  o.s.b.d.a.ConditionEvaluationDeltaLoggingListener - Condition evaluation unchanged
""2021-12-14 16:42:22 [restartedMain] INFO  c.s.jdbc.TeachersJdbcApplication - Starting TeachersJdbcApplication using Java 1.8.0_271 on DESKTOP-TUF68GU with PID 15732 (C:\Users\DADAK\Redbaton\Uniphore\umr-acw-services\TeachersJDBC+SB+Swagger&&Loger\target\classes started by DADAK in C:\Users\DADAK\Redbaton\Uniphore\umr-acw-services\TeachersJDBC+SB+Swagger&&Loger)
""2021-12-14 16:42:22 [restartedMain] DEBUG c.s.jdbc.TeachersJdbcApplication - Running with Spring Boot v2.5.7, Spring v5.3.13
""2021-12-14 16:42:22 [restartedMain] INFO  c.s.jdbc.TeachersJdbcApplication - No active profile set, falling back to default profiles: default
""2021-12-14 16:42:22 [restartedMain] INFO  o.s.b.d.e.DevToolsPropertyDefaultsPostProcessor - Devtools property defaults active! Set 'spring.devtools.add-properties' to 'false' to disable
""2021-12-14 16:42:22 [restartedMain] INFO  o.s.b.d.e.DevToolsPropertyDefaultsPostProcessor - For additional web related logging consider setting the 'logging.level.web' property to 'DEBUG'
""2021-12-14 16:42:22 [restartedMain] INFO  o.s.d.r.c.RepositoryConfigurationDelegate - Bootstrapping Spring Data JDBC repositories in DEFAULT mode.
""2021-12-14 16:42:22 [restartedMain] INFO  o.s.d.r.c.RepositoryConfigurationDelegate - Finished Spring Data repository scanning in 5 ms. Found 0 JDBC repository interfaces.
""2021-12-14 16:42:23 [restartedMain] INFO  o.s.b.w.e.tomcat.TomcatWebServer - Tomcat initialized with port(s): 9899 (http)
""2021-12-14 16:42:23 [restartedMain] INFO  o.a.catalina.core.StandardService - Starting service [Tomcat]
""2021-12-14 16:42:23 [restartedMain] INFO  o.a.catalina.core.StandardEngine - Starting Servlet engine: [Apache Tomcat/9.0.55]
""2021-12-14 16:42:23 [restartedMain] INFO  o.a.c.c.C.[Tomcat].[localhost].[/] - Initializing Spring embedded WebApplicationContext
""2021-12-14 16:42:23 [restartedMain] INFO  o.s.b.w.s.c.ServletWebServerApplicationContext - Root WebApplicationContext: initialization completed in 1207 ms
""2021-12-14 16:42:23 [restartedMain] INFO  com.zaxxer.hikari.HikariDataSource - HikariPool-1 - Starting...
""2021-12-14 16:42:23 [restartedMain] WARN  c.z.hikari.util.DriverDataSource - Registered driver with driverClassName=com.mysql.jdbc.Driver was not found, trying direct instantiation.
""2021-12-14 16:42:23 [restartedMain] INFO  com.zaxxer.hikari.HikariDataSource - HikariPool-1 - Start completed.
""2021-12-14 16:42:23 [restartedMain] INFO  o.s.b.a.h.H2ConsoleAutoConfiguration - H2 console available at '/h2-console'. Database available at 'jdbc:mysql://localhost:3306/jdbccrud'
""2021-12-14 16:42:23 [restartedMain] INFO  s.d.s.w.PropertySourcedRequestMappingHandlerMapping - Mapped URL path [/v2/api-docs] onto method [springfox.documentation.swagger2.web.Swagger2Controller#getDocumentation(String, HttpServletRequest)]
""2021-12-14 16:42:23 [restartedMain] WARN  o.s.b.d.a.OptionalLiveReloadServer - Unable to start LiveReload server
""2021-12-14 16:42:24 [restartedMain] WARN  o.s.b.w.s.c.AnnotationConfigServletWebServerApplicationContext - Exception encountered during context initialization - cancelling refresh attempt: org.springframework.context.ApplicationContextException: Failed to start bean 'webServerStartStop'; nested exception is org.springframework.boot.web.server.PortInUseException: Port 9899 is already in use
""2021-12-14 16:42:24 [restartedMain] INFO  com.zaxxer.hikari.HikariDataSource - HikariPool-1 - Shutdown initiated...
""2021-12-14 16:42:24 [restartedMain] INFO  com.zaxxer.hikari.HikariDataSource - HikariPool-1 - Shutdown completed.
""2021-12-14 16:42:24 [restartedMain] INFO  o.a.catalina.core.StandardService - Stopping service [Tomcat]
""2021-12-14 16:42:24 [restartedMain] INFO  o.s.b.a.l.ConditionEvaluationReportLoggingListener - 

Error starting ApplicationContext. To display the conditions report re-run your application with 'debug' enabled.
""2021-12-14 16:42:24 [restartedMain] ERROR o.s.b.d.LoggingFailureAnalysisReporter - 

***************************
APPLICATION FAILED TO START
***************************

Description:

Web server failed to start. Port 9899 was already in use.

Action:

Identify and stop the process that's listening on port 9899 or configure this application to listen on another port.

""2021-12-14 16:44:40 [RMI TCP Connection(16)-127.0.0.1] INFO  o.s.b.a.SpringApplicationAdminMXBeanRegistrar$SpringApplicationAdmin - Application shutdown requested.
""2021-12-14 16:44:41 [RMI TCP Connection(16)-127.0.0.1] INFO  com.zaxxer.hikari.HikariDataSource - HikariPool-3 - Shutdown initiated...
""2021-12-14 16:44:41 [RMI TCP Connection(16)-127.0.0.1] INFO  com.zaxxer.hikari.HikariDataSource - HikariPool-3 - Shutdown completed.
""2021-12-14 16:44:54 [restartedMain] INFO  c.s.jdbc.TeachersJdbcApplication - Starting TeachersJdbcApplication using Java 1.8.0_271 on DESKTOP-TUF68GU with PID 31660 (C:\Users\DADAK\Redbaton\Uniphore\umr-acw-services\TeachersJDBC+SB+Swagger&&Loger\target\classes started by DADAK in C:\Users\DADAK\Redbaton\Uniphore\umr-acw-services\TeachersJDBC+SB+Swagger&&Loger)
""2021-12-14 16:44:54 [restartedMain] DEBUG c.s.jdbc.TeachersJdbcApplication - Running with Spring Boot v2.5.7, Spring v5.3.13
""2021-12-14 16:44:54 [restartedMain] INFO  c.s.jdbc.TeachersJdbcApplication - No active profile set, falling back to default profiles: default
""2021-12-14 16:44:54 [restartedMain] INFO  o.s.b.d.e.DevToolsPropertyDefaultsPostProcessor - Devtools property defaults active! Set 'spring.devtools.add-properties' to 'false' to disable
""2021-12-14 16:44:54 [restartedMain] INFO  o.s.b.d.e.DevToolsPropertyDefaultsPostProcessor - For additional web related logging consider setting the 'logging.level.web' property to 'DEBUG'
""2021-12-14 16:44:55 [restartedMain] INFO  o.s.d.r.c.RepositoryConfigurationDelegate - Bootstrapping Spring Data JDBC repositories in DEFAULT mode.
""2021-12-14 16:44:55 [restartedMain] INFO  o.s.d.r.c.RepositoryConfigurationDelegate - Finished Spring Data repository scanning in 9 ms. Found 0 JDBC repository interfaces.
""2021-12-14 16:44:55 [restartedMain] INFO  o.s.b.w.e.tomcat.TomcatWebServer - Tomcat initialized with port(s): 9899 (http)
""2021-12-14 16:44:55 [restartedMain] INFO  o.a.catalina.core.StandardService - Starting service [Tomcat]
""2021-12-14 16:44:55 [restartedMain] INFO  o.a.catalina.core.StandardEngine - Starting Servlet engine: [Apache Tomcat/9.0.55]
""2021-12-14 16:44:55 [restartedMain] INFO  o.a.c.c.C.[Tomcat].[localhost].[/] - Initializing Spring embedded WebApplicationContext
""2021-12-14 16:44:55 [restartedMain] INFO  o.s.b.w.s.c.ServletWebServerApplicationContext - Root WebApplicationContext: initialization completed in 1415 ms
""2021-12-14 16:44:55 [restartedMain] INFO  com.zaxxer.hikari.HikariDataSource - HikariPool-1 - Starting...
""2021-12-14 16:44:55 [restartedMain] WARN  c.z.hikari.util.DriverDataSource - Registered driver with driverClassName=com.mysql.jdbc.Driver was not found, trying direct instantiation.
""2021-12-14 16:44:55 [restartedMain] INFO  com.zaxxer.hikari.HikariDataSource - HikariPool-1 - Start completed.
""2021-12-14 16:44:55 [restartedMain] INFO  o.s.b.a.h.H2ConsoleAutoConfiguration - H2 console available at '/h2-console'. Database available at 'jdbc:mysql://localhost:3306/jdbccrud'
""2021-12-14 16:44:56 [restartedMain] INFO  s.d.s.w.PropertySourcedRequestMappingHandlerMapping - Mapped URL path [/v2/api-docs] onto method [springfox.documentation.swagger2.web.Swagger2Controller#getDocumentation(String, HttpServletRequest)]
""2021-12-14 16:44:56 [restartedMain] INFO  o.s.b.d.a.OptionalLiveReloadServer - LiveReload server is running on port 35729
""2021-12-14 16:44:56 [restartedMain] INFO  o.s.b.w.e.tomcat.TomcatWebServer - Tomcat started on port(s): 9899 (http) with context path ''
""2021-12-14 16:44:56 [restartedMain] INFO  s.d.s.w.p.DocumentationPluginsBootstrapper - Context refreshed
""2021-12-14 16:44:56 [restartedMain] INFO  s.d.s.w.p.DocumentationPluginsBootstrapper - Found 1 custom documentation plugin(s)
""2021-12-14 16:44:56 [restartedMain] INFO  s.d.s.w.s.ApiListingReferenceScanner - Scanning for api listing references
""2021-12-14 16:44:56 [restartedMain] INFO  c.s.jdbc.TeachersJdbcApplication - Started TeachersJdbcApplication in 3.046 seconds (JVM running for 3.861)
""2021-12-14 16:46:35 [http-nio-9899-exec-1] INFO  o.a.c.c.C.[Tomcat].[localhost].[/] - Initializing Spring DispatcherServlet 'dispatcherServlet'
""2021-12-14 16:46:35 [http-nio-9899-exec-1] ERROR o.a.c.c.C.[.[.[.[dispatcherServlet] - Servlet.service() for servlet [dispatcherServlet] in context with path [] threw exception [Request processing failed; nested exception is org.springframework.dao.EmptyResultDataAccessException: Incorrect result size: expected 1, actual 0] with root cause
"org.springframework.dao.EmptyResultDataAccessException: Incorrect result size: expected 1, actual 0
	at org.springframework.dao.support.DataAccessUtils.nullableSingleResult(DataAccessUtils.java:97)
	at org.springframework.jdbc.core.JdbcTemplate.queryForObject(JdbcTemplate.java:509)
	at com.springbootcrud.jdbc.Repository.TeachersRepo.fetch(TeachersRepo.java:48)
	at com.springbootcrud.jdbc.Repository.TeachersRepo$$FastClassBySpringCGLIB$$9afe8738.invoke(<generated>)
	at org.springframework.cglib.proxy.MethodProxy.invoke(MethodProxy.java:218)
	at org.springframework.aop.framework.CglibAopProxy$CglibMethodInvocation.invokeJoinpoint(CglibAopProxy.java:783)
	at org.springframework.aop.framework.ReflectiveMethodInvocation.proceed(ReflectiveMethodInvocation.java:163)
	at org.springframework.aop.framework.CglibAopProxy$CglibMethodInvocation.proceed(CglibAopProxy.java:753)
	at org.springframework.dao.support.PersistenceExceptionTranslationInterceptor.invoke(PersistenceExceptionTranslationInterceptor.java:137)
	at org.springframework.aop.framework.ReflectiveMethodInvocation.proceed(ReflectiveMethodInvocation.java:186)
	at org.springframework.aop.framework.CglibAopProxy$CglibMethodInvocation.proceed(CglibAopProxy.java:753)
	at org.springframework.aop.framework.CglibAopProxy$DynamicAdvisedInterceptor.intercept(CglibAopProxy.java:698)
	at com.springbootcrud.jdbc.Repository.TeachersRepo$$EnhancerBySpringCGLIB$$b294b674.fetch(<generated>)
	at com.springbootcrud.jdbc.controller.TeacherController.token(TeacherController.java:123)
	at sun.reflect.NativeMethodAccessorImpl.invoke0(Native Method)
	at sun.reflect.NativeMethodAccessorImpl.invoke(NativeMethodAccessorImpl.java:62)
	at sun.reflect.DelegatingMethodAccessorImpl.invoke(DelegatingMethodAccessorImpl.java:43)
	at java.lang.reflect.Method.invoke(Method.java:498)
	at org.springframework.web.method.support.InvocableHandlerMethod.doInvoke(InvocableHandlerMethod.java:205)
	at org.springframework.web.method.support.InvocableHandlerMethod.invokeForRequest(InvocableHandlerMethod.java:150)
	at org.springframework.web.servlet.mvc.method.annotation.ServletInvocableHandlerMethod.invokeAndHandle(ServletInvocableHandlerMethod.java:117)
	at org.springframework.web.servlet.mvc.method.annotation.RequestMappingHandlerAdapter.invokeHandlerMethod(RequestMappingHandlerAdapter.java:895)
	at org.springframework.web.servlet.mvc.method.annotation.RequestMappingHandlerAdapter.handleInternal(RequestMappingHandlerAdapter.java:808)
	at org.springframework.web.servlet.mvc.method.AbstractHandlerMethodAdapter.handle(AbstractHandlerMethodAdapter.java:87)
	at org.springframework.web.servlet.DispatcherServlet.doDispatch(DispatcherServlet.java:1067)
	at org.springframework.web.servlet.DispatcherServlet.doService(DispatcherServlet.java:963)
	at org.springframework.web.servlet.FrameworkServlet.processRequest(FrameworkServlet.java:1006)
	at org.springframework.web.servlet.FrameworkServlet.doPost(FrameworkServlet.java:909)
	at javax.servlet.http.HttpServlet.service(HttpServlet.java:681)
	at org.springframework.web.servlet.FrameworkServlet.service(FrameworkServlet.java:883)
	at javax.servlet.http.HttpServlet.service(HttpServlet.java:764)
	at org.apache.catalina.core.ApplicationFilterChain.internalDoFilter(ApplicationFilterChain.java:227)
	at org.apache.catalina.core.ApplicationFilterChain.doFilter(ApplicationFilterChain.java:162)
	at org.apache.tomcat.websocket.server.WsFilter.doFilter(WsFilter.java:53)
	at org.apache.catalina.core.ApplicationFilterChain.internalDoFilter(ApplicationFilterChain.java:189)
	at org.apache.catalina.core.ApplicationFilterChain.doFilter(ApplicationFilterChain.java:162)
	at org.springframework.web.filter.RequestContextFilter.doFilterInternal(RequestContextFilter.java:100)
	at org.springframework.web.filter.OncePerRequestFilter.doFilter(OncePerRequestFilter.java:119)
	at org.apache.catalina.core.ApplicationFilterChain.internalDoFilter(ApplicationFilterChain.java:189)
	at org.apache.catalina.core.ApplicationFilterChain.doFilter(ApplicationFilterChain.java:162)
	at org.springframework.web.filter.FormContentFilter.doFilterInternal(FormContentFilter.java:93)
	at org.springframework.web.filter.OncePerRequestFilter.doFilter(OncePerRequestFilter.java:119)
	at org.apache.catalina.core.ApplicationFilterChain.internalDoFilter(ApplicationFilterChain.java:189)
	at org.apache.catalina.core.ApplicationFilterChain.doFilter(ApplicationFilterChain.java:162)
	at org.springframework.web.filter.CharacterEncodingFilter.doFilterInternal(CharacterEncodingFilter.java:201)
	at org.springframework.web.filter.OncePerRequestFilter.doFilter(OncePerRequestFilter.java:119)
	at org.apache.catalina.core.ApplicationFilterChain.internalDoFilter(ApplicationFilterChain.java:189)
	at org.apache.catalina.core.ApplicationFilterChain.doFilter(ApplicationFilterChain.java:162)
	at org.apache.catalina.core.StandardWrapperValve.invoke(StandardWrapperValve.java:197)
	at org.apache.catalina.core.StandardContextValve.invoke(StandardContextValve.java:97)
	at org.apache.catalina.authenticator.AuthenticatorBase.invoke(AuthenticatorBase.java:540)
	at org.apache.catalina.core.StandardHostValve.invoke(StandardHostValve.java:135)
	at org.apache.catalina.valves.ErrorReportValve.invoke(ErrorReportValve.java:92)
	at org.apache.catalina.core.StandardEngineValve.invoke(StandardEngineValve.java:78)
	at org.apache.catalina.connector.CoyoteAdapter.service(CoyoteAdapter.java:357)
	at org.apache.coyote.http11.Http11Processor.service(Http11Processor.java:382)
	at org.apache.coyote.AbstractProcessorLight.process(AbstractProcessorLight.java:65)
	at org.apache.coyote.AbstractProtocol$ConnectionHandler.process(AbstractProtocol.java:895)
	at org.apache.tomcat.util.net.NioEndpoint$SocketProcessor.doRun(NioEndpoint.java:1722)
	at org.apache.tomcat.util.net.SocketProcessorBase.run(SocketProcessorBase.java:49)
	at org.apache.tomcat.util.threads.ThreadPoolExecutor.runWorker(ThreadPoolExecutor.java:1191)
	at org.apache.tomcat.util.threads.ThreadPoolExecutor$Worker.run(ThreadPoolExecutor.java:659)
	at org.apache.tomcat.util.threads.TaskThread$WrappingRunnable.run(TaskThread.java:61)
	at java.lang.Thread.run(Thread.java:748)
"2021-12-14 16:48:06 [http-nio-9899-exec-2] INFO  c.springbootcrud.jdbc.bean.Teachers - Generating token........
""2021-12-14 16:48:06 [http-nio-9899-exec-2] INFO  c.springbootcrud.jdbc.bean.Teachers - Wow.......Generated
""2021-12-14 16:48:32 [http-nio-9899-exec-3] INFO  c.springbootcrud.jdbc.bean.Teachers - Fetching.........
""2021-12-14 16:48:32 [http-nio-9899-exec-3] INFO  c.springbootcrud.jdbc.bean.Teachers - Wow....fetched
""2021-12-14 16:52:01 [Thread-6] INFO  com.zaxxer.hikari.HikariDataSource - HikariPool-1 - Shutdown initiated...
""2021-12-14 16:52:01 [Thread-6] INFO  com.zaxxer.hikari.HikariDataSource - HikariPool-1 - Shutdown completed.
""2021-12-14 16:52:01 [restartedMain] INFO  c.s.jdbc.TeachersJdbcApplication - Starting TeachersJdbcApplication using Java 1.8.0_271 on DESKTOP-TUF68GU with PID 31660 (C:\Users\DADAK\Redbaton\Uniphore\umr-acw-services\TeachersJDBC+SB+Swagger&&Loger\target\classes started by DADAK in C:\Users\DADAK\Redbaton\Uniphore\umr-acw-services\TeachersJDBC+SB+Swagger&&Loger)
""2021-12-14 16:52:01 [restartedMain] INFO  c.s.jdbc.TeachersJdbcApplication - No active profile set, falling back to default profiles: default
""2021-12-14 16:52:01 [restartedMain] INFO  o.s.d.r.c.RepositoryConfigurationDelegate - Bootstrapping Spring Data JDBC repositories in DEFAULT mode.
""2021-12-14 16:52:01 [restartedMain] INFO  o.s.d.r.c.RepositoryConfigurationDelegate - Finished Spring Data repository scanning in 2 ms. Found 0 JDBC repository interfaces.
""2021-12-14 16:52:01 [restartedMain] INFO  o.s.b.w.e.tomcat.TomcatWebServer - Tomcat initialized with port(s): 9899 (http)
""2021-12-14 16:52:01 [restartedMain] INFO  o.a.catalina.core.StandardService - Starting service [Tomcat]
""2021-12-14 16:52:01 [restartedMain] INFO  o.a.catalina.core.StandardEngine - Starting Servlet engine: [Apache Tomcat/9.0.55]
""2021-12-14 16:52:02 [restartedMain] INFO  o.a.c.c.C.[Tomcat].[localhost].[/] - Initializing Spring embedded WebApplicationContext
""2021-12-14 16:52:02 [restartedMain] INFO  o.s.b.w.s.c.ServletWebServerApplicationContext - Root WebApplicationContext: initialization completed in 329 ms
""2021-12-14 16:52:02 [restartedMain] INFO  com.zaxxer.hikari.HikariDataSource - HikariPool-2 - Starting...
""2021-12-14 16:52:02 [restartedMain] WARN  c.z.hikari.util.DriverDataSource - Registered driver with driverClassName=com.mysql.jdbc.Driver was not found, trying direct instantiation.
""2021-12-14 16:52:02 [restartedMain] INFO  com.zaxxer.hikari.HikariDataSource - HikariPool-2 - Start completed.
""2021-12-14 16:52:02 [restartedMain] INFO  o.s.b.a.h.H2ConsoleAutoConfiguration - H2 console available at '/h2-console'. Database available at 'jdbc:mysql://localhost:3306/jdbccrud'
""2021-12-14 16:52:02 [restartedMain] INFO  s.d.s.w.PropertySourcedRequestMappingHandlerMapping - Mapped URL path [/v2/api-docs] onto method [springfox.documentation.swagger2.web.Swagger2Controller#getDocumentation(String, HttpServletRequest)]
""2021-12-14 16:52:02 [restartedMain] INFO  o.s.b.d.a.OptionalLiveReloadServer - LiveReload server is running on port 35729
""2021-12-14 16:52:02 [restartedMain] INFO  o.s.b.w.e.tomcat.TomcatWebServer - Tomcat started on port(s): 9899 (http) with context path ''
""2021-12-14 16:52:02 [restartedMain] INFO  s.d.s.w.p.DocumentationPluginsBootstrapper - Context refreshed
""2021-12-14 16:52:02 [restartedMain] INFO  s.d.s.w.p.DocumentationPluginsBootstrapper - Found 1 custom documentation plugin(s)
""2021-12-14 16:52:02 [restartedMain] INFO  s.d.s.w.s.ApiListingReferenceScanner - Scanning for api listing references
""2021-12-14 16:52:02 [restartedMain] INFO  c.s.jdbc.TeachersJdbcApplication - Started TeachersJdbcApplication in 0.695 seconds (JVM running for 429.304)
""2021-12-14 16:52:02 [restartedMain] INFO  o.s.b.d.a.ConditionEvaluationDeltaLoggingListener - Condition evaluation unchanged
""2021-12-14 16:52:17 [RMI TCP Connection(17)-127.0.0.1] INFO  o.s.b.a.SpringApplicationAdminMXBeanRegistrar$SpringApplicationAdmin - Application shutdown requested.
""2021-12-14 16:52:17 [RMI TCP Connection(17)-127.0.0.1] INFO  com.zaxxer.hikari.HikariDataSource - HikariPool-2 - Shutdown initiated...
""2021-12-14 16:52:17 [RMI TCP Connection(17)-127.0.0.1] INFO  com.zaxxer.hikari.HikariDataSource - HikariPool-2 - Shutdown completed.
""2021-12-14 16:52:28 [restartedMain] INFO  c.s.jdbc.TeachersJdbcApplication - Starting TeachersJdbcApplication using Java 1.8.0_271 on DESKTOP-TUF68GU with PID 21764 (C:\Users\DADAK\Redbaton\Uniphore\umr-acw-services\TeachersJDBC+SB+Swagger&&Loger\target\classes started by DADAK in C:\Users\DADAK\Redbaton\Uniphore\umr-acw-services\TeachersJDBC+SB+Swagger&&Loger)
""2021-12-14 16:52:28 [restartedMain] INFO  c.s.jdbc.TeachersJdbcApplication - No active profile set, falling back to default profiles: default
""2021-12-14 16:52:28 [restartedMain] INFO  o.s.b.d.e.DevToolsPropertyDefaultsPostProcessor - Devtools property defaults active! Set 'spring.devtools.add-properties' to 'false' to disable
""2021-12-14 16:52:28 [restartedMain] INFO  o.s.b.d.e.DevToolsPropertyDefaultsPostProcessor - For additional web related logging consider setting the 'logging.level.web' property to 'DEBUG'
""2021-12-14 16:52:28 [restartedMain] INFO  o.s.d.r.c.RepositoryConfigurationDelegate - Bootstrapping Spring Data JDBC repositories in DEFAULT mode.
""2021-12-14 16:52:28 [restartedMain] INFO  o.s.d.r.c.RepositoryConfigurationDelegate - Finished Spring Data repository scanning in 9 ms. Found 0 JDBC repository interfaces.
""2021-12-14 16:52:29 [restartedMain] INFO  o.s.b.w.e.tomcat.TomcatWebServer - Tomcat initialized with port(s): 9899 (http)
""2021-12-14 16:52:29 [restartedMain] INFO  o.a.catalina.core.StandardService - Starting service [Tomcat]
""2021-12-14 16:52:29 [restartedMain] INFO  o.a.catalina.core.StandardEngine - Starting Servlet engine: [Apache Tomcat/9.0.55]
""2021-12-14 16:52:29 [restartedMain] INFO  o.a.c.c.C.[Tomcat].[localhost].[/] - Initializing Spring embedded WebApplicationContext
""2021-12-14 16:52:29 [restartedMain] INFO  o.s.b.w.s.c.ServletWebServerApplicationContext - Root WebApplicationContext: initialization completed in 1249 ms
""2021-12-14 16:52:29 [restartedMain] INFO  com.zaxxer.hikari.HikariDataSource - HikariPool-1 - Starting...
""2021-12-14 16:52:29 [restartedMain] WARN  c.z.hikari.util.DriverDataSource - Registered driver with driverClassName=com.mysql.jdbc.Driver was not found, trying direct instantiation.
""2021-12-14 16:52:29 [restartedMain] INFO  com.zaxxer.hikari.HikariDataSource - HikariPool-1 - Start completed.
""2021-12-14 16:52:29 [restartedMain] INFO  o.s.b.a.h.H2ConsoleAutoConfiguration - H2 console available at '/h2-console'. Database available at 'jdbc:mysql://localhost:3306/jdbccrud'
""2021-12-14 16:52:29 [restartedMain] INFO  s.d.s.w.PropertySourcedRequestMappingHandlerMapping - Mapped URL path [/v2/api-docs] onto method [springfox.documentation.swagger2.web.Swagger2Controller#getDocumentation(String, HttpServletRequest)]
""2021-12-14 16:52:30 [restartedMain] INFO  o.s.b.d.a.OptionalLiveReloadServer - LiveReload server is running on port 35729
""2021-12-14 16:52:30 [restartedMain] INFO  o.s.b.w.e.tomcat.TomcatWebServer - Tomcat started on port(s): 9899 (http) with context path ''
""2021-12-14 16:52:30 [restartedMain] INFO  s.d.s.w.p.DocumentationPluginsBootstrapper - Context refreshed
""2021-12-14 16:52:30 [restartedMain] INFO  s.d.s.w.p.DocumentationPluginsBootstrapper - Found 1 custom documentation plugin(s)
""2021-12-14 16:52:30 [restartedMain] INFO  s.d.s.w.s.ApiListingReferenceScanner - Scanning for api listing references
""2021-12-14 16:52:30 [restartedMain] INFO  c.s.jdbc.TeachersJdbcApplication - Started TeachersJdbcApplication in 2.703 seconds (JVM running for 3.431)
""2021-12-14 16:52:49 [Thread-6] INFO  com.zaxxer.hikari.HikariDataSource - HikariPool-1 - Shutdown initiated...
""2021-12-14 16:52:49 [Thread-6] INFO  com.zaxxer.hikari.HikariDataSource - HikariPool-1 - Shutdown completed.
"